0 info it worked if it ends with ok
1 verbose cli [ 'node', '/usr/local/bin/npm', 'install', '-g', 'grunt-cli' ]
2 info using npm@1.3.11
3 info using node@v0.10.21
4 verbose cache add [ 'grunt-cli', null ]
5 verbose cache add name=undefined spec="grunt-cli" args=["grunt-cli",null]
6 verbose parsed url { protocol: null,
6 verbose parsed url   slashes: null,
6 verbose parsed url   auth: null,
6 verbose parsed url   host: null,
6 verbose parsed url   port: null,
6 verbose parsed url   hostname: null,
6 verbose parsed url   hash: null,
6 verbose parsed url   search: null,
6 verbose parsed url   query: null,
6 verbose parsed url   pathname: 'grunt-cli',
6 verbose parsed url   path: 'grunt-cli',
6 verbose parsed url   href: 'grunt-cli' }
7 silly lockFile 671ef8ac-grunt-cli grunt-cli
8 verbose lock grunt-cli /Users/andy/.npm/671ef8ac-grunt-cli.lock
9 silly lockFile 671ef8ac-grunt-cli grunt-cli
10 silly lockFile 671ef8ac-grunt-cli grunt-cli
11 verbose addNamed [ 'grunt-cli', '' ]
12 verbose addNamed [ null, '*' ]
13 silly lockFile d63f3d0b-grunt-cli grunt-cli@
14 verbose lock grunt-cli@ /Users/andy/.npm/d63f3d0b-grunt-cli.lock
15 silly addNameRange { name: 'grunt-cli', range: '*', hasData: false }
16 verbose url raw grunt-cli
17 verbose url resolving [ 'https://registry.npmjs.org/', './grunt-cli' ]
18 verbose url resolved https://registry.npmjs.org/grunt-cli
19 info trying registry request attempt 1 at 21:59:26
20 http GET https://registry.npmjs.org/grunt-cli
21 http 200 https://registry.npmjs.org/grunt-cli
22 silly registry.get cb [ 200,
22 silly registry.get   { vary: 'Accept',
22 silly registry.get     server: 'CouchDB/1.3.1 (Erlang OTP/R15B03)',
22 silly registry.get     etag: '"5PSGLO3FKXEMNFXI3ORHM373"',
22 silly registry.get     date: 'Thu, 07 Nov 2013 21:59:28 GMT',
22 silly registry.get     'content-type': 'application/json',
22 silly registry.get     'content-length': '25807' } ]
23 silly addNameRange number 2 { name: 'grunt-cli', range: '*', hasData: true }
24 silly addNameRange versions [ 'grunt-cli',
24 silly addNameRange   [ '0.1.0',
24 silly addNameRange     '0.1.1',
24 silly addNameRange     '0.1.2',
24 silly addNameRange     '0.1.3',
24 silly addNameRange     '0.1.4',
24 silly addNameRange     '0.1.5',
24 silly addNameRange     '0.1.6',
24 silly addNameRange     '0.1.7',
24 silly addNameRange     '0.1.8',
24 silly addNameRange     '0.1.9',
24 silly addNameRange     '0.1.10' ] ]
25 verbose addNamed [ 'grunt-cli', '0.1.10' ]
26 verbose addNamed [ '0.1.10', '0.1.10' ]
27 silly lockFile 6efedb5f-grunt-cli-0-1-10 grunt-cli@0.1.10
28 verbose lock grunt-cli@0.1.10 /Users/andy/.npm/6efedb5f-grunt-cli-0-1-10.lock
29 silly lockFile 1ce0e4da-g-grunt-cli-grunt-cli-0-1-10-tgz https://registry.npmjs.org/grunt-cli/-/grunt-cli-0.1.10.tgz
30 verbose lock https://registry.npmjs.org/grunt-cli/-/grunt-cli-0.1.10.tgz /Users/andy/.npm/1ce0e4da-g-grunt-cli-grunt-cli-0-1-10-tgz.lock
31 verbose addRemoteTarball [ 'https://registry.npmjs.org/grunt-cli/-/grunt-cli-0.1.10.tgz',
31 verbose addRemoteTarball   'cba4bdab74df4336f5ba7335a9f22d97a1f2dd3a' ]
32 info retry fetch attempt 1 at 21:59:28
33 verbose fetch to= /var/folders/_2/z8dvb2j5217g1tf7502mwd_40000gn/T/npm-7261-lNsWIsla/1383861568891-0.29692799341864884/tmp.tgz
34 http GET https://registry.npmjs.org/grunt-cli/-/grunt-cli-0.1.10.tgz
35 http 200 https://registry.npmjs.org/grunt-cli/-/grunt-cli-0.1.10.tgz
36 verbose tar unpack /var/folders/_2/z8dvb2j5217g1tf7502mwd_40000gn/T/npm-7261-lNsWIsla/1383861568891-0.29692799341864884/tmp.tgz
37 silly lockFile de6c9dc7-8891-0-29692799341864884-package tar:///var/folders/_2/z8dvb2j5217g1tf7502mwd_40000gn/T/npm-7261-lNsWIsla/1383861568891-0.29692799341864884/package
38 verbose lock tar:///var/folders/_2/z8dvb2j5217g1tf7502mwd_40000gn/T/npm-7261-lNsWIsla/1383861568891-0.29692799341864884/package /Users/andy/.npm/de6c9dc7-8891-0-29692799341864884-package.lock
39 silly lockFile 14adbaba-8891-0-29692799341864884-tmp-tgz tar:///var/folders/_2/z8dvb2j5217g1tf7502mwd_40000gn/T/npm-7261-lNsWIsla/1383861568891-0.29692799341864884/tmp.tgz
40 verbose lock tar:///var/folders/_2/z8dvb2j5217g1tf7502mwd_40000gn/T/npm-7261-lNsWIsla/1383861568891-0.29692799341864884/tmp.tgz /Users/andy/.npm/14adbaba-8891-0-29692799341864884-tmp-tgz.lock
41 silly gunzTarPerm modes [ '755', '644' ]
42 silly gunzTarPerm extractEntry package.json
43 silly gunzTarPerm extractEntry .npmignore
44 silly gunzTarPerm extractEntry README.md
45 silly gunzTarPerm extractEntry Gruntfile.js
46 silly gunzTarPerm extractEntry .travis.yml
47 silly gunzTarPerm extractEntry AUTHORS
48 silly gunzTarPerm extractEntry LICENSE-MIT
49 silly gunzTarPerm extractEntry bin/grunt
50 silly gunzTarPerm extractEntry completion/bash
51 silly gunzTarPerm extractEntry lib/cli.js
52 silly gunzTarPerm extractEntry lib/completion.js
53 silly gunzTarPerm extractEntry lib/info.js
54 silly lockFile de6c9dc7-8891-0-29692799341864884-package tar:///var/folders/_2/z8dvb2j5217g1tf7502mwd_40000gn/T/npm-7261-lNsWIsla/1383861568891-0.29692799341864884/package
55 silly lockFile de6c9dc7-8891-0-29692799341864884-package tar:///var/folders/_2/z8dvb2j5217g1tf7502mwd_40000gn/T/npm-7261-lNsWIsla/1383861568891-0.29692799341864884/package
56 silly lockFile 14adbaba-8891-0-29692799341864884-tmp-tgz tar:///var/folders/_2/z8dvb2j5217g1tf7502mwd_40000gn/T/npm-7261-lNsWIsla/1383861568891-0.29692799341864884/tmp.tgz
57 silly lockFile 14adbaba-8891-0-29692799341864884-tmp-tgz tar:///var/folders/_2/z8dvb2j5217g1tf7502mwd_40000gn/T/npm-7261-lNsWIsla/1383861568891-0.29692799341864884/tmp.tgz
58 verbose tar pack [ '/Users/andy/.npm/grunt-cli/0.1.10/package.tgz',
58 verbose tar pack   '/var/folders/_2/z8dvb2j5217g1tf7502mwd_40000gn/T/npm-7261-lNsWIsla/1383861568891-0.29692799341864884/package' ]
59 verbose tarball /Users/andy/.npm/grunt-cli/0.1.10/package.tgz
60 verbose folder /var/folders/_2/z8dvb2j5217g1tf7502mwd_40000gn/T/npm-7261-lNsWIsla/1383861568891-0.29692799341864884/package
61 silly lockFile de6c9dc7-8891-0-29692799341864884-package tar:///var/folders/_2/z8dvb2j5217g1tf7502mwd_40000gn/T/npm-7261-lNsWIsla/1383861568891-0.29692799341864884/package
62 verbose lock tar:///var/folders/_2/z8dvb2j5217g1tf7502mwd_40000gn/T/npm-7261-lNsWIsla/1383861568891-0.29692799341864884/package /Users/andy/.npm/de6c9dc7-8891-0-29692799341864884-package.lock
63 silly lockFile 59ec38a8-npm-grunt-cli-0-1-10-package-tgz tar:///Users/andy/.npm/grunt-cli/0.1.10/package.tgz
64 verbose lock tar:///Users/andy/.npm/grunt-cli/0.1.10/package.tgz /Users/andy/.npm/59ec38a8-npm-grunt-cli-0-1-10-package-tgz.lock
65 silly lockFile de6c9dc7-8891-0-29692799341864884-package tar:///var/folders/_2/z8dvb2j5217g1tf7502mwd_40000gn/T/npm-7261-lNsWIsla/1383861568891-0.29692799341864884/package
66 silly lockFile de6c9dc7-8891-0-29692799341864884-package tar:///var/folders/_2/z8dvb2j5217g1tf7502mwd_40000gn/T/npm-7261-lNsWIsla/1383861568891-0.29692799341864884/package
67 silly lockFile 59ec38a8-npm-grunt-cli-0-1-10-package-tgz tar:///Users/andy/.npm/grunt-cli/0.1.10/package.tgz
68 silly lockFile 59ec38a8-npm-grunt-cli-0-1-10-package-tgz tar:///Users/andy/.npm/grunt-cli/0.1.10/package.tgz
69 silly lockFile f61268a7-ndy-npm-grunt-cli-0-1-10-package /Users/andy/.npm/grunt-cli/0.1.10/package
70 verbose lock /Users/andy/.npm/grunt-cli/0.1.10/package /Users/andy/.npm/f61268a7-ndy-npm-grunt-cli-0-1-10-package.lock
71 silly lockFile f61268a7-ndy-npm-grunt-cli-0-1-10-package /Users/andy/.npm/grunt-cli/0.1.10/package
72 silly lockFile f61268a7-ndy-npm-grunt-cli-0-1-10-package /Users/andy/.npm/grunt-cli/0.1.10/package
73 verbose tar unpack /Users/andy/.npm/grunt-cli/0.1.10/package.tgz
74 silly lockFile daa28bd6-ndy-npm-grunt-cli-0-1-10-package tar:///Users/andy/.npm/grunt-cli/0.1.10/package
75 verbose lock tar:///Users/andy/.npm/grunt-cli/0.1.10/package /Users/andy/.npm/daa28bd6-ndy-npm-grunt-cli-0-1-10-package.lock
76 silly lockFile 59ec38a8-npm-grunt-cli-0-1-10-package-tgz tar:///Users/andy/.npm/grunt-cli/0.1.10/package.tgz
77 verbose lock tar:///Users/andy/.npm/grunt-cli/0.1.10/package.tgz /Users/andy/.npm/59ec38a8-npm-grunt-cli-0-1-10-package-tgz.lock
78 silly gunzTarPerm modes [ '755', '644' ]
79 silly gunzTarPerm extractEntry package.json
80 silly gunzTarPerm extractEntry .npmignore
81 silly gunzTarPerm extractEntry README.md
82 silly gunzTarPerm extractEntry Gruntfile.js
83 silly gunzTarPerm extractEntry .travis.yml
84 silly gunzTarPerm extractEntry AUTHORS
85 silly gunzTarPerm extractEntry LICENSE-MIT
86 silly gunzTarPerm extractEntry bin/grunt
87 silly gunzTarPerm extractEntry completion/bash
88 silly gunzTarPerm extractEntry lib/cli.js
89 silly gunzTarPerm extractEntry lib/completion.js
90 silly gunzTarPerm extractEntry lib/info.js
91 silly lockFile daa28bd6-ndy-npm-grunt-cli-0-1-10-package tar:///Users/andy/.npm/grunt-cli/0.1.10/package
92 silly lockFile daa28bd6-ndy-npm-grunt-cli-0-1-10-package tar:///Users/andy/.npm/grunt-cli/0.1.10/package
93 silly lockFile 59ec38a8-npm-grunt-cli-0-1-10-package-tgz tar:///Users/andy/.npm/grunt-cli/0.1.10/package.tgz
94 silly lockFile 59ec38a8-npm-grunt-cli-0-1-10-package-tgz tar:///Users/andy/.npm/grunt-cli/0.1.10/package.tgz
95 verbose chmod /Users/andy/.npm/grunt-cli/0.1.10/package.tgz 644
96 verbose chown /Users/andy/.npm/grunt-cli/0.1.10/package.tgz [ 501, 20 ]
97 silly lockFile 1ce0e4da-g-grunt-cli-grunt-cli-0-1-10-tgz https://registry.npmjs.org/grunt-cli/-/grunt-cli-0.1.10.tgz
98 silly lockFile 1ce0e4da-g-grunt-cli-grunt-cli-0-1-10-tgz https://registry.npmjs.org/grunt-cli/-/grunt-cli-0.1.10.tgz
99 silly lockFile 6efedb5f-grunt-cli-0-1-10 grunt-cli@0.1.10
100 silly lockFile 6efedb5f-grunt-cli-0-1-10 grunt-cli@0.1.10
101 silly lockFile d63f3d0b-grunt-cli grunt-cli@
102 silly lockFile d63f3d0b-grunt-cli grunt-cli@
103 silly resolved [ { name: 'grunt-cli',
103 silly resolved     description: 'The grunt command line interface.',
103 silly resolved     version: '0.1.10',
103 silly resolved     author: { name: 'Grunt Team' },
103 silly resolved     homepage: 'http://gruntjs.com/',
103 silly resolved     repository: { type: 'git', url: 'git://github.com/gruntjs/grunt-cli.git' },
103 silly resolved     bugs: { url: 'http://github.com/gruntjs/grunt-cli/issues' },
103 silly resolved     licenses: [ [Object] ],
103 silly resolved     bin: { grunt: 'bin/grunt' },
103 silly resolved     engines: { node: '>= 0.8.0' },
103 silly resolved     scripts: { test: 'node bin/grunt test' },
103 silly resolved     preferGlobal: true,
103 silly resolved     dependencies: { nopt: '~1.0.10', 'findup-sync': '~0.1.0', resolve: '~0.3.1' },
103 silly resolved     devDependencies: { grunt: '~0.4.0', 'grunt-contrib-jshint': '~0.2.0' },
103 silly resolved     contributors: [ [Object], [Object], [Object], [Object] ],
103 silly resolved     readme: '# grunt-cli [![Build Status](https://secure.travis-ci.org/gruntjs/grunt-cli.png?branch=master)](http://travis-ci.org/gruntjs/grunt-cli)\n> The Grunt command line interface.\n\nInstall this globally and you\'ll have access to the `grunt` command anywhere on your system.\n\n```shell\nnpm install -g grunt-cli\n```\n\n**Note:** The job of the `grunt` command is to load and run the version of Grunt you have installed locally to your project, irrespective of its version.  Starting with Grunt v0.4, you should never install Grunt itself globally.  For more information about why, [please read this](http://blog.nodejs.org/2011/03/23/npm-1-0-global-vs-local-installation).\n\nSee the [Getting Started](http://gruntjs.com/getting-started) guide for more information.\n\n## Shell tab auto-completion\nTo enable bash tab auto-completion for Grunt, add the following line to your `~/.bashrc` file. Currently, the only supported shell is bash.\n\n```bash\neval "$(grunt --completion=bash)"\n```\n\n## Installing grunt-cli locally\nIf you don\'t have administrator rights, you may need to install grunt-cli locally to your project using `npm install grunt-cli --save-dev`.  Unfortunately, this will not put the `grunt` executable in your PATH.  You\'ll need to specify its explicit location when executing it, eg: `./node_modules/.bin/grunt`,\n\nNote: Using grunt-cli in this way is unsupported.\n',
103 silly resolved     readmeFilename: 'README.md',
103 silly resolved     _id: 'grunt-cli@0.1.10',
103 silly resolved     dist: { shasum: 'cba4bdab74df4336f5ba7335a9f22d97a1f2dd3a' },
103 silly resolved     _from: 'grunt-cli@',
103 silly resolved     _resolved: 'https://registry.npmjs.org/grunt-cli/-/grunt-cli-0.1.10.tgz' } ]
104 info install grunt-cli@0.1.10 into /usr/local/lib
105 info installOne grunt-cli@0.1.10
106 info /usr/local/lib/node_modules/grunt-cli unbuild
107 verbose tar unpack /Users/andy/.npm/grunt-cli/0.1.10/package.tgz
108 silly lockFile 466968dc-local-lib-node-modules-grunt-cli tar:///usr/local/lib/node_modules/grunt-cli
109 verbose lock tar:///usr/local/lib/node_modules/grunt-cli /Users/andy/.npm/466968dc-local-lib-node-modules-grunt-cli.lock
110 silly lockFile 59ec38a8-npm-grunt-cli-0-1-10-package-tgz tar:///Users/andy/.npm/grunt-cli/0.1.10/package.tgz
111 verbose lock tar:///Users/andy/.npm/grunt-cli/0.1.10/package.tgz /Users/andy/.npm/59ec38a8-npm-grunt-cli-0-1-10-package-tgz.lock
112 silly gunzTarPerm modes [ '755', '644' ]
113 error Error: EACCES, mkdir '/usr/local/lib/node_modules/grunt-cli'
113 error  { [Error: EACCES, mkdir '/usr/local/lib/node_modules/grunt-cli']
113 error   errno: 3,
113 error   code: 'EACCES',
113 error   path: '/usr/local/lib/node_modules/grunt-cli',
113 error   fstream_type: 'Directory',
113 error   fstream_path: '/usr/local/lib/node_modules/grunt-cli',
113 error   fstream_class: 'DirWriter',
113 error   fstream_stack:
113 error    [ '/usr/local/lib/node_modules/npm/node_modules/fstream/lib/dir-writer.js:36:23',
113 error      '/usr/local/lib/node_modules/npm/node_modules/mkdirp/index.js:37:53',
113 error      'Object.oncomplete (fs.js:107:15)' ] }
114 error Please try running this command again as root/Administrator.
115 error System Darwin 13.0.1
116 error command "node" "/usr/local/bin/npm" "install" "-g" "grunt-cli"
117 error cwd /Users/andy/Documents/Code/template/scripts
118 error node -v v0.10.21
119 error npm -v 1.3.11
120 error path /usr/local/lib/node_modules/grunt-cli
121 error fstream_path /usr/local/lib/node_modules/grunt-cli
122 error fstream_type Directory
123 error fstream_class DirWriter
124 error code EACCES
125 error errno 3
126 error stack Error: EACCES, mkdir '/usr/local/lib/node_modules/grunt-cli'
127 error fstream_stack /usr/local/lib/node_modules/npm/node_modules/fstream/lib/dir-writer.js:36:23
127 error fstream_stack /usr/local/lib/node_modules/npm/node_modules/mkdirp/index.js:37:53
127 error fstream_stack Object.oncomplete (fs.js:107:15)
128 verbose exit [ 3, true ]
